<?xml version="1.0" encoding="UTF-8"?>
<testng-results ignored="0" total="2" passed="2" failed="0" skipped="0">
  <reporter-output>
  </reporter-output>
  <suite started-at="2026-04-30T09:13:15 IST" name="Default suite" finished-at="2026-04-30T09:13:29 IST" duration-ms="14321">
    <groups>
    </groups>
    <test started-at="2026-04-30T09:13:15 IST" name="Default test" finished-at="2026-04-30T09:13:29 IST" duration-ms="14321">
      <class name="com.test.loginTest">
        <test-method is-config="true" signature="setup()[pri:0, instance:com.test.loginTest@30c15d8b]" started-at="2026-04-30T09:13:16 IST" name="setup" finished-at="2026-04-30T09:13:20 IST" duration-ms="4121" status="PASS">
          <reporter-output>
          </reporter-output>
        </test-method> <!-- setup -->
        <test-method signature="loginPag(java.lang.String,java.lang.String)[pri:1, instance:com.test.loginTest@30c15d8b]" started-at="2026-04-30T09:13:20 IST" name="loginPag" data-provider="validData" finished-at="2026-04-30T09:13:23 IST" duration-ms="3126" status="PASS">
          <params>
            <param index="0">
              <value>
                <![CDATA[TamilKumar]]>
              </value>
            </param>
            <param index="1">
              <value>
                <![CDATA[Kiot1234]]>
              </value>
            </param>
          </params>
          <reporter-output>
          </reporter-output>
        </test-method> <!-- loginPag -->
        <test-method is-config="true" signature="close()[pri:0, instance:com.test.loginTest@30c15d8b]" started-at="2026-04-30T09:13:23 IST" name="close" finished-at="2026-04-30T09:13:24 IST" duration-ms="882" status="PASS">
          <reporter-output>
          </reporter-output>
        </test-method> <!-- close -->
        <test-method is-config="true" signature="setup()[pri:0, instance:com.test.loginTest@30c15d8b]" started-at="2026-04-30T09:13:24 IST" name="setup" finished-at="2026-04-30T09:13:26 IST" duration-ms="1997" status="PASS">
          <reporter-output>
          </reporter-output>
        </test-method> <!-- setup -->
        <test-method signature="InvalidloginPag(java.lang.String,java.lang.String)[pri:2, instance:com.test.loginTest@30c15d8b]" started-at="2026-04-30T09:13:26 IST" name="InvalidloginPag" data-provider="invalidData" finished-at="2026-04-30T09:13:28 IST" duration-ms="2089" status="PASS">
          <params>
            <param index="0">
              <value>
                <![CDATA[jeevs]]>
              </value>
            </param>
            <param index="1">
              <value>
                <![CDATA[jnuin]]>
              </value>
            </param>
          </params>
          <reporter-output>
          </reporter-output>
        </test-method> <!-- InvalidloginPag -->
        <test-method is-config="true" signature="close()[pri:0, instance:com.test.loginTest@30c15d8b]" started-at="2026-04-30T09:13:28 IST" name="close" finished-at="2026-04-30T09:13:29 IST" duration-ms="653" status="PASS">
          <reporter-output>
          </reporter-output>
        </test-method> <!-- close -->
      </class> <!-- com.test.loginTest -->
    </test> <!-- Default test -->
  </suite> <!-- Default suite -->
</testng-results>
