<?xml version="1.0" encoding="UTF-8"?>
<!-- Generated by org.testng.reporters.JUnitXMLReporter -->
<testsuite ignored="0" hostname="Tony" failures="2" tests="2" name="Test" time="3.967" errors="0" timestamp="2026-04-29T16:36:06 IST">
  <testcase classname="com.test.loginTest" name="loginPag" time="0.018">
    <failure type="java.lang.Error" message="Unresolved compilation problems: 
	The field baseTest.driver is not visible
	The field baseTest.driver is not visible
">
      <![CDATA[java.lang.Error: Unresolved compilation problems: 
The field baseTest.driver is not visible
The field baseTest.driver is not visible

at com.test.loginTest.loginPag(loginTest.java:17)
at java.base/java.util.concurrent.ThreadPoolExecutor.runWorker(ThreadPoolExecutor.java:1144)
at java.base/java.util.concurrent.ThreadPoolExecutor$Worker.run(ThreadPoolExecutor.java:642)
at java.base/java.lang.Thread.run(Thread.java:1583)
... Removed 7 stack frames]]>
    </failure>
  </testcase> <!-- loginPag -->
  <testcase classname="com.test.loginTest" name="loginPag" time="3.914">
    <failure type="java.util.concurrent.CompletionException" message="java.lang.Error: Unresolved compilation problems: 
	Type mismatch: cannot convert from ThreadLocal&amp;lt;WebDriver&amp;gt; to WebDriver
	The field baseTest.driver is not visible
">
      <![CDATA[java.util.concurrent.CompletionException: java.lang.Error: Unresolved compilation problems: 
Type mismatch: cannot convert from ThreadLocal<WebDriver> to WebDriver
The field baseTest.driver is not visible

at java.base/java.util.concurrent.CompletableFuture.encodeThrowable(CompletableFuture.java:332)
at java.base/java.util.concurrent.CompletableFuture.completeThrowable(CompletableFuture.java:347)
at java.base/java.util.concurrent.CompletableFuture$BiRelay.tryFire(CompletableFuture.java:1498)
at java.base/java.util.concurrent.CompletableFuture$CoCompletion.tryFire(CompletableFuture.java:1219)
at java.base/java.util.concurrent.CompletableFuture.postComplete(CompletableFuture.java:510)
at java.base/java.util.concurrent.CompletableFuture.completeExceptionally(CompletableFuture.java:2194)
at java.base/java.util.concurrent.ThreadPoolExecutor.runWorker(ThreadPoolExecutor.java:1144)
at java.base/java.util.concurrent.ThreadPoolExecutor$Worker.run(ThreadPoolExecutor.java:642)
at java.base/java.lang.Thread.run(Thread.java:1583)
Caused by: java.lang.Error: Unresolved compilation problems: 
Type mismatch: cannot convert from ThreadLocal<WebDriver> to WebDriver
The field baseTest.driver is not visible

at com.test.DemoListener.onTestFailure(DemoListener.java:32)
... 3 more
... Removed 7 stack frames]]>
    </failure>
  </testcase> <!-- loginPag -->
</testsuite> <!-- Test -->
